<?xml version="1.0" encoding="UTF-8"?>
<testsuite xmlns:xsi="http://www.w3.org/2001/XMLSchema-instance" xsi:noNamespaceSchemaLocation="https://maven.apache.org/surefire/maven-surefire-plugin/xsd/surefire-test-report.xsd" version="3.0.2" name="com.calculator.config.filter.JwtTokenValidatorTest" time="0.675" tests="3" errors="0" skipped="0" failures="0">
  <properties>
[...]
</properties>
  <testcase name="doFilterInternal_WithValidToken_SetsAuthentication" classname="com.calculator.config.filter.JwtTokenValidatorTest" time="0.649"/>
  <testcase name="doFilterInternal_WithNoToken_DoesNothing" classname="com.calculator.config.filter.JwtTokenValidatorTest" time="0.011"/>
  <testcase name="doFilterInternal_WithInvalidPrefix_DoesNothing" classname="com.calculator.config.filter.JwtTokenValidatorTest" time="0.006"/>
</testsuite>